# JRE version: Java(TM) SE Runtime Environment (8.0_112-b15) (build 1.8.0_112-b15)
# Java VM: Java HotSpot(TM) Client VM (25.112-b15 mixed mode windows-x86 )
Heap:
 def new generation   total 78656K, used 78655K [0x04600000, 0x09b50000, 0x09b50000)
  eden space 69952K, 100% used [0x04600000, 0x08a50000, 0x08a50000)
  from space 8704K,  99% used [0x092d0000, 0x09b4ffd0, 0x09b50000)
  to   space 8704K,   0% used [0x08a50000, 0x08a50000, 0x092d0000)
 tenured generation   total 174784K, used 174783K [0x09b50000, 0x14600000, 0x14600000)
   the space 174784K,  99% used [0x09b50000, 0x145ffff8, 0x14600000, 0x14600000)
 Metaspace       used 3641K, capacity 3662K, committed 3776K, reserved 4480K
GC Heap History (10 events):
Event: 14.576 GC heap after
Heap after GC invocations=68 (full 16):
 def new generation   total 78656K, used 62170K [0x04600000, 0x09b50000, 0x09b50000)
  eden space 69952K,  88% used [0x04600000, 0x082b6bb8, 0x08a50000)
  from space 8704K,   0% used [0x092d0000, 0x092d0000, 0x09b50000)
  to   space 8704K,   0% used [0x08a50000, 0x08a50000, 0x092d0000)
 tenured generation   total 174784K, used 174783K [0x09b50000, 0x14600000, 0x14600000)
   the space 174784K,  99% used [0x09b50000, 0x145ffff8, 0x14600000, 0x14600000)
 Metaspace       used 3551K, capacity 3598K, committed 3648K, reserved 4480K
}
Event: 14.666 GC heap before
{Heap before GC invocations=68 (full 16):
 def new generation   total 78656K, used 78655K [0x04600000, 0x09b50000, 0x09b50000)
  eden space 69952K, 100% used [0x04600000, 0x08a50000, 0x08a50000)
  from space 8704K,  99% used [0x092d0000, 0x09b4fff0, 0x09b50000)
  to   space 8704K,   0% used [0x08a50000, 0x08a50000, 0x092d0000)
 tenured generation   total 174784K, used 174783K [0x09b50000, 0x14600000, 0x14600000)
   the space 174784K,  99% used [0x09b50000, 0x145ffff8, 0x14600000, 0x14600000)
 Metaspace       used 3551K, capacity 3598K, committed 3648K, reserved 4480K
Event: 15.368 GC heap after
Heap after GC invocations=69 (full 17):
 def new generation   total 78656K, used 64576K [0x04600000, 0x09b50000, 0x09b50000)
  eden space 69952K,  92% used [0x04600000, 0x08510370, 0x08a50000)
  from space 8704K,   0% used [0x092d0000, 0x092d0000, 0x09b50000)
  to   space 8704K,   0% used [0x08a50000, 0x08a50000, 0x092d0000)
 tenured generation   total 174784K, used 174783K [0x09b50000, 0x14600000, 0x14600000)
   the space 174784K,  99% used [0x09b50000, 0x145ffff8, 0x14600000, 0x14600000)
 Metaspace       used 3551K, capacity 3598K, committed 3648K, reserved 4480K
}
Event: 15.454 GC heap before
{Heap before GC invocations=69 (full 17):
 def new generation   total 78656K, used 78655K [0x04600000, 0x09b50000, 0x09b50000)
  eden space 69952K, 100% used [0x04600000, 0x08a50000, 0x08a50000)
  from space 8704K,  99% used [0x092d0000, 0x09b4fff8, 0x09b50000)
  to   space 8704K,   0% used [0x08a50000, 0x08a50000, 0x092d0000)
 tenured generation   total 174784K, used 174783K [0x09b50000, 0x14600000, 0x14600000)
   the space 174784K,  99% used [0x09b50000, 0x145ffff8, 0x14600000, 0x14600000)
 Metaspace       used 3551K, capacity 3598K, committed 3648K, reserved 4480K
Event: 16.101 GC heap after
Heap after GC invocations=70 (full 18):
 def new generation   total 78656K, used 66624K [0x04600000, 0x09b50000, 0x09b50000)
  eden space 69952K,  95% used [0x04600000, 0x08710310, 0x08a50000)
  from space 8704K,   0% used [0x092d0000, 0x092d0000, 0x09b50000)
  to   space 8704K,   0% used [0x08a50000, 0x08a50000, 0x092d0000)
 tenured generation   total 174784K, used 174783K [0x09b50000, 0x14600000, 0x14600000)
   the space 174784K,  99% used [0x09b50000, 0x145ffff8, 0x14600000, 0x14600000)
 Metaspace       used 3551K, capacity 3598K, committed 3648K, reserved 4480K
}
Event: 16.447 GC heap before
{Heap before GC invocations=70 (full 18):
 def new generation   total 78656K, used 78655K [0x04600000, 0x09b50000, 0x09b50000)
  eden space 69952K, 100% used [0x04600000, 0x08a50000, 0x08a50000)
  from space 8704K,  99% used [0x092d0000, 0x09b4fff0, 0x09b50000)
  to   space 8704K,   0% used [0x08a50000, 0x08a50000, 0x092d0000)
 tenured generation   total 174784K, used 174783K [0x09b50000, 0x14600000, 0x14600000)
   the space 174784K,  99% used [0x09b50000, 0x145ffff8, 0x14600000, 0x14600000)
 Metaspace       used 3579K, capacity 3598K, committed 3648K, reserved 4480K
Event: 17.155 GC heap after
Heap after GC invocations=71 (full 19):
 def new generation   total 78656K, used 68312K [0x04600000, 0x09b50000, 0x09b50000)
  eden space 69952K,  97% used [0x04600000, 0x088b6178, 0x08a50000)
  from space 8704K,   0% used [0x092d0000, 0x092d0000, 0x09b50000)
  to   space 8704K,   0% used [0x08a50000, 0x08a50000, 0x092d0000)
 tenured generation   total 174784K, used 174783K [0x09b50000, 0x14600000, 0x14600000)
   the space 174784K,  99% used [0x09b50000, 0x145ffff8, 0x14600000, 0x14600000)
 Metaspace       used 3579K, capacity 3598K, committed 3648K, reserved 4480K
}
Event: 17.480 GC heap before
{Heap before GC invocations=71 (full 19):
 def new generation   total 78656K, used 78655K [0x04600000, 0x09b50000, 0x09b50000)
  eden space 69952K, 100% used [0x04600000, 0x08a50000, 0x08a50000)
  from space 8704K,  99% used [0x092d0000, 0x09b4ffe8, 0x09b50000)
  to   space 8704K,   0% used [0x08a50000, 0x08a50000, 0x092d0000)
 tenured generation   total 174784K, used 174783K [0x09b50000, 0x14600000, 0x14600000)
   the space 174784K,  99% used [0x09b50000, 0x145ffff8, 0x14600000, 0x14600000)
 Metaspace       used 3579K, capacity 3598K, committed 3648K, reserved 4480K
Event: 18.352 GC heap after
Heap after GC invocations=72 (full 20):
 def new generation   total 78656K, used 67859K [0x04600000, 0x09b50000, 0x09b50000)
  eden space 69952K,  97% used [0x04600000, 0x08844e90, 0x08a50000)
  from space 8704K,   0% used [0x092d0000, 0x092d0000, 0x09b50000)
  to   space 8704K,   0% used [0x08a50000, 0x08a50000, 0x092d0000)
 tenured generation   total 174784K, used 174783K [0x09b50000, 0x14600000, 0x14600000)
   the space 174784K,  99% used [0x09b50000, 0x145ffff8, 0x14600000, 0x14600000)
 Metaspace       used 3579K, capacity 3598K, committed 3648K, reserved 4480K
}
Event: 18.809 GC heap before
{Heap before GC invocations=72 (full 20):
 def new generation   total 78656K, used 78655K [0x04600000, 0x09b50000, 0x09b50000)
  eden space 69952K, 100% used [0x04600000, 0x08a50000, 0x08a50000)
  from space 8704K,  99% used [0x092d0000, 0x09b4ffd0, 0x09b50000)
  to   space 8704K,   0% used [0x08a50000, 0x08a50000, 0x092d0000)
 tenured generation   total 174784K, used 174783K [0x09b50000, 0x14600000, 0x14600000)
   the space 174784K,  99% used [0x09b50000, 0x145ffff8, 0x14600000, 0x14600000)
 Metaspace       used 3641K, capacity 3662K, committed 3776K, reserved 4480K

